TN:
SF:src\index.ts
FN:14,createConnection
FNF:1
FNH:0
FNDA:0,createConnection
DA:1,0
DA:2,0
DA:3,0
DA:4,0
DA:6,0
DA:8,0
DA:15,0
DA:16,0
DA:17,0
DA:18,0
DA:20,0
DA:21,0
DA:25,0
DA:27,0
DA:29,0
DA:31,0
LF:16
LH:0
BRF:0
BRH:0
end_of_record
TN:
SF:src\initRepository.ts
FN:3,initRepository
FNF:1
FNH:0
FNDA:0,initRepository
DA:1,0
DA:3,0
DA:4,0
DA:5,0
DA:7,0
LF:5
LH:0
BRF:0
BRH:0
end_of_record
TN:
SF:src\server.ts
FN:22,buildServer
FN:33,(anonymous_2)
FN:58,(anonymous_3)
FN:59,(anonymous_4)
FNF:4
FNH:0
FNDA:0,buildServer
FNDA:0,(anonymous_2)
FNDA:0,(anonymous_3)
FNDA:0,(anonymous_4)
DA:2,0
DA:3,0
DA:4,0
DA:5,0
DA:6,0
DA:7,0
DA:8,0
DA:9,0
DA:11,0
DA:12,0
DA:22,0
DA:23,0
DA:24,0
DA:27,0
DA:28,0
DA:29,0
DA:30,0
DA:33,0
DA:34,0
DA:35,0
DA:39,0
DA:43,0
DA:53,0
DA:54,0
DA:55,0
DA:57,0
DA:59,0
DA:60,0
LF:28
LH:0
BRF:0
BRH:0
end_of_record
TN:
SF:src\hike\controllers\getHike.ts
FN:4,default_1
FNF:1
FNH:0
FNDA:0,default_1
DA:2,0
DA:4,0
DA:5,0
DA:6,0
DA:8,0
DA:9,0
DA:13,0
DA:16,0
LF:8
LH:0
BRDA:8,0,0,0
BRDA:8,0,1,0
BRF:2
BRH:0
end_of_record
TN:
SF:src\hike\controllers\getHikeById.ts
FN:4,default_1
FNF:1
FNH:0
FNDA:0,default_1
DA:2,0
DA:4,0
DA:5,0
DA:6,0
DA:8,0
DA:9,0
DA:13,0
DA:16,0
LF:8
LH:0
BRDA:8,0,0,0
BRDA:8,0,1,0
BRF:2
BRH:0
end_of_record
TN:
SF:src\hike\controllers\getHikeByPlace.ts
FN:4,getHikeByPlace
FNF:1
FNH:0
FNDA:0,getHikeByPlace
DA:2,0
DA:4,0
DA:5,0
DA:6,0
DA:10,0
DA:11,0
DA:15,0
DA:18,0
LF:8
LH:0
BRDA:10,0,0,0
BRDA:10,0,1,0
BRF:2
BRH:0
end_of_record
TN:
SF:src\hike\controllers\recordHike.ts
FN:21,default_1
FN:36,(anonymous_10)
FNF:2
FNH:0
FNDA:0,default_1
FNDA:0,(anonymous_10)
DA:3,0
DA:4,0
DA:7,0
DA:19,0
DA:21,0
DA:22,0
DA:24,0
DA:25,0
DA:29,0
DA:30,0
DA:34,0
DA:35,0
DA:36,0
DA:38,0
DA:42,0
DA:46,0
DA:48,0
DA:49,0
DA:54,0
DA:57,0
LF:20
LH:0
BRDA:24,0,0,0
BRDA:24,0,1,0
BRDA:48,1,0,0
BRDA:48,1,1,0
BRF:4
BRH:0
end_of_record
TN:
SF:src\hike\model\HikeModel.ts
FNF:0
FNH:0
DA:1,0
DA:4,0
DA:24,0
DA:26,0
LF:4
LH:0
BRF:0
BRH:0
end_of_record
TN:
SF:src\hike\repository\buildHikeRepository.ts
FN:16,buildHikeRepository
FN:18,(anonymous_9)
FN:18,(anonymous_10)
FN:34,(anonymous_11)
FN:34,(anonymous_12)
FN:48,(anonymous_13)
FN:64,(anonymous_14)
FN:64,(anonymous_15)
FN:83,(anonymous_16)
FN:83,(anonymous_17)
FNF:10
FNH:0
FNDA:0,buildHikeRepository
FNDA:0,(anonymous_9)
FNDA:0,(anonymous_10)
FNDA:0,(anonymous_11)
FNDA:0,(anonymous_12)
FNDA:0,(anonymous_13)
FNDA:0,(anonymous_14)
FNDA:0,(anonymous_15)
FNDA:0,(anonymous_16)
FNDA:0,(anonymous_17)
DA:1,0
DA:2,0
DA:3,0
DA:16,0
DA:17,0
DA:18,0
DA:19,0
DA:20,0
DA:21,0
DA:26,0
DA:34,0
DA:35,0
DA:36,0
DA:39,0
DA:40,0
DA:47,0
DA:48,0
DA:51,0
DA:56,0
DA:64,0
DA:65,0
DA:66,0
DA:70,0
DA:75,0
DA:83,0
DA:84,0
DA:85,0
DA:87,0
DA:88,0
DA:95,0
DA:96,0
DA:97,0
DA:98,0
DA:102,0
DA:103,0
DA:104,0
DA:109,0
DA:111,0
DA:112,0
DA:115,0
DA:116,0
DA:123,0
LF:42
LH:0
BRDA:39,0,0,0
BRDA:39,0,1,0
BRDA:87,1,0,0
BRDA:87,1,1,0
BRDA:97,2,0,0
BRDA:97,2,1,0
BRDA:111,3,0,0
BRDA:111,3,1,0
BRDA:111,4,0,0
BRDA:111,4,1,0
BRDA:115,5,0,0
BRDA:115,5,1,0
BRF:12
BRH:0
end_of_record
TN:
SF:src\hike\router\index.ts
FN:17,(anonymous_1)
FN:23,(anonymous_2)
FNF:2
FNH:0
FNDA:0,(anonymous_1)
FNDA:0,(anonymous_2)
DA:1,0
DA:2,0
DA:3,0
DA:4,0
DA:5,0
DA:7,0
DA:9,0
DA:11,0
DA:13,0
DA:15,0
DA:17,0
DA:18,0
DA:23,0
DA:24,0
DA:29,0
LF:15
LH:0
BRF:0
BRH:0
end_of_record
TN:
SF:src\place\controllers\getPlace.ts
FN:6,default_1
FNF:1
FNH:0
FNDA:0,default_1
DA:2,0
DA:4,0
DA:6,0
DA:7,0
DA:9,0
DA:10,0
DA:14,0
DA:17,0
LF:8
LH:0
BRDA:9,0,0,0
BRDA:9,0,1,0
BRF:2
BRH:0
end_of_record
TN:
SF:src\place\controllers\recordPlace.ts
FN:35,savePictureInCLoudinary
FN:45,(anonymous_10)
FN:72,default_1
FN:83,(anonymous_13)
FNF:4
FNH:0
FNDA:0,savePictureInCLoudinary
FNDA:0,(anonymous_10)
FNDA:0,default_1
FNDA:0,(anonymous_13)
DA:3,0
DA:4,0
DA:6,0
DA:7,0
DA:8,0
DA:10,0
DA:11,0
DA:21,0
DA:28,0
DA:39,0
DA:41,0
DA:42,0
DA:44,0
DA:45,0
DA:46,0
DA:48,0
DA:51,0
DA:53,0
DA:54,0
DA:55,0
DA:59,0
DA:65,0
DA:66,0
DA:69,0
DA:72,0
DA:73,0
DA:76,0
DA:77,0
DA:81,0
DA:82,0
DA:83,0
DA:85,0
DA:89,0
DA:93,0
DA:94,0
DA:98,0
DA:100,0
DA:101,0
DA:102,0
DA:106,0
DA:108,0
DA:112,0
DA:115,0
LF:43
LH:0
BRDA:44,0,0,0
BRDA:44,0,1,0
BRDA:93,1,0,0
BRDA:93,1,1,0
BRDA:100,2,0,0
BRDA:100,2,1,0
BRDA:101,3,0,0
BRDA:101,3,1,0
BRF:8
BRH:0
end_of_record
TN:
SF:src\place\controllers\uploadPlacePicture.ts
FN:16,uploadPlacePicture
FN:27,(anonymous_10)
FNF:2
FNH:0
FNDA:0,uploadPlacePicture
FNDA:0,(anonymous_10)
DA:2,0
DA:4,0
DA:7,0
DA:9,0
DA:16,0
DA:17,0
DA:19,0
DA:20,0
DA:21,0
DA:24,0
DA:25,0
DA:26,0
DA:27,0
DA:28,0
DA:30,0
DA:33,0
DA:37,0
DA:38,0
DA:39,0
DA:43,0
DA:46,0
LF:21
LH:0
BRDA:19,0,0,0
BRDA:19,0,1,0
BRDA:26,1,0,0
BRDA:26,1,1,0
BRF:4
BRH:0
end_of_record
TN:
SF:src\place\model\PlaceModel.ts
FNF:0
FNH:0
DA:1,0
DA:4,0
DA:12,0
DA:14,0
LF:4
LH:0
BRF:0
BRH:0
end_of_record
TN:
SF:src\place\repository\buildPlaceRepository.ts
FN:13,buildPlaceRepository
FN:15,(anonymous_9)
FN:15,(anonymous_10)
FN:36,(anonymous_11)
FN:36,(anonymous_12)
FN:52,(anonymous_13)
FN:52,(anonymous_14)
FNF:7
FNH:0
FNDA:0,buildPlaceRepository
FNDA:0,(anonymous_9)
FNDA:0,(anonymous_10)
FNDA:0,(anonymous_11)
FNDA:0,(anonymous_12)
FNDA:0,(anonymous_13)
FNDA:0,(anonymous_14)
DA:1,0
DA:13,0
DA:14,0
DA:15,0
DA:16,0
DA:17,0
DA:18,0
DA:19,0
DA:24,0
DA:25,0
DA:26,0
DA:28,0
DA:36,0
DA:37,0
DA:38,0
DA:39,0
DA:44,0
DA:52,0
DA:53,0
DA:54,0
DA:55,0
DA:56,0
DA:61,0
DA:66,0
LF:24
LH:0
BRDA:25,0,0,0
BRDA:25,0,1,0
BRDA:25,1,0,0
BRDA:25,1,1,0
BRDA:55,2,0,0
BRDA:55,2,1,0
BRF:6
BRH:0
end_of_record
TN:
SF:src\place\router\index.ts
FN:14,(anonymous_1)
FN:20,(anonymous_2)
FNF:2
FNH:0
FNDA:0,(anonymous_1)
FNDA:0,(anonymous_2)
DA:1,0
DA:2,0
DA:3,0
DA:4,0
DA:6,0
DA:8,0
DA:10,0
DA:12,0
DA:14,0
DA:15,0
DA:20,0
DA:21,0
DA:26,0
LF:13
LH:0
BRF:0
BRH:0
end_of_record
TN:
SF:src\user\controllers\getUser.ts
FN:8,getUser
FNF:1
FNH:0
FNDA:0,getUser
DA:4,0
DA:6,0
DA:8,0
DA:9,0
DA:11,0
DA:12,0
DA:16,0
DA:19,0
LF:8
LH:0
BRDA:11,0,0,0
BRDA:11,0,1,0
BRF:2
BRH:0
end_of_record
TN:
SF:src\user\controllers\recordUser.ts
FN:16,default_1
FN:27,(anonymous_10)
FNF:2
FNH:0
FNDA:0,default_1
FNDA:0,(anonymous_10)
DA:2,0
DA:3,0
DA:6,0
DA:14,0
DA:16,0
DA:17,0
DA:20,0
DA:21,0
DA:25,0
DA:26,0
DA:27,0
DA:29,0
DA:36,0
DA:38,0
DA:39,0
DA:40,0
DA:44,0
DA:46,0
DA:51,0
DA:54,0
LF:20
LH:0
BRDA:38,0,0,0
BRDA:38,0,1,0
BRDA:39,1,0,0
BRDA:39,1,1,0
BRF:4
BRH:0
end_of_record
TN:
SF:src\user\model\UserModel.ts
FNF:0
FNH:0
DA:1,0
DA:4,0
DA:12,0
DA:14,0
LF:4
LH:0
BRF:0
BRH:0
end_of_record
TN:
SF:src\user\repository\buildUserRepository.ts
FN:12,buildUserRepository
FN:14,(anonymous_9)
FN:14,(anonymous_10)
FN:35,(anonymous_11)
FN:35,(anonymous_12)
FNF:5
FNH:0
FNDA:0,buildUserRepository
FNDA:0,(anonymous_9)
FNDA:0,(anonymous_10)
FNDA:0,(anonymous_11)
FNDA:0,(anonymous_12)
DA:1,0
DA:12,0
DA:13,0
DA:14,0
DA:15,0
DA:16,0
DA:17,0
DA:18,0
DA:23,0
DA:24,0
DA:25,0
DA:27,0
DA:35,0
DA:36,0
DA:37,0
DA:38,0
DA:43,0
LF:17
LH:0
BRDA:24,0,0,0
BRDA:24,0,1,0
BRDA:24,1,0,0
BRDA:24,1,1,0
BRF:4
BRH:0
end_of_record
TN:
SF:src\user\router\index.ts
FN:11,(anonymous_1)
FN:17,(anonymous_2)
FNF:2
FNH:0
FNDA:0,(anonymous_1)
FNDA:0,(anonymous_2)
DA:1,0
DA:2,0
DA:3,0
DA:5,0
DA:7,0
DA:9,0
DA:11,0
DA:12,0
DA:17,0
DA:18,0
DA:23,0
LF:11
LH:0
BRF:0
BRH:0
end_of_record
